<?xml version="1.0" encoding="UTF-8"?>
<!-- Generated by org.testng.reporters.JUnitReportReporter -->
<testsuite hostname="AMIL" failures="0" tests="1" name="com.juaracoding.traveltest.AppTest" time="62.564" errors="0" timestamp="2025-09-21T22:03:36 WIB" skipped="0">
  <testcase classname="com.juaracoding.traveltest.AppTest" name="registerUserTest" time="62.564"/>
</testsuite> <!-- com.juaracoding.traveltest.AppTest -->
